12-26 16:24 selenium.webdriver.remote.remote_connection DEBUG    POST http://127.0.0.1:49353/session {"capabilities": {"firstMatch": [{}], "alwaysMatch": {"browserName": "chrome", "platformName": "any", "goog:chromeOptions": {"extensions": [], "args": ["--headless", "--window-size=1920x1080"]}}}, "desiredCapabilities": {"browserName": "chrome", "version": "", "platform": "ANY", "goog:chromeOptions": {"extensions": [], "args": ["--headless", "--window-size=1920x1080"]}}}
12-26 16:24 urllib3.connectionpool DEBUG    Starting new HTTP connection (1): 127.0.0.1:49353
12-26 16:24 urllib3.connectionpool DEBUG    http://127.0.0.1:49353 "POST /session HTTP/1.1" 200 718
12-26 16:24 selenium.webdriver.remote.remote_connection DEBUG    Finished Request
12-26 16:24 parse        DEBUG    format 'User Launches Chrome browser' -> 'User Launches Chrome browser'
12-26 16:24 parse        DEBUG    format 'User opens URL "https://dyn.stg.contido.io/login"' -> 'User opens URL "https://dyn\\.stg\\.contido\\.io/login"'
12-26 16:24 parse        DEBUG    format 'User enters Email as "opsuser@desynova.com" and Password as "dyn@opsuser20"' -> 'User enters Email as "opsuser@desynova\\.com" and Password as "dyn@opsuser20"'
12-26 16:24 parse        DEBUG    format 'user clicks on login' -> 'user clicks on login'
12-26 16:24 parse        DEBUG    format 'User should be able to login to application' -> 'User should be able to login to application'
12-26 16:24 parse        DEBUG    format 'User should be on Homepage of the application.' -> 'User should be on Homepage of the application\\.'
12-26 16:24 parse        DEBUG    format 'Logout the application' -> 'Logout the application'
12-26 16:24 parse        DEBUG    format 'close browser' -> 'close browser'
12-26 16:24 scontido_add_show.py INFO     Connection created successfully
12-26 16:24 scontido_add_show.py INFO     username entered
12-26 16:24 scontido_add_show.py INFO     password entered
12-26 16:32 selenium.webdriver.remote.remote_connection DEBUG    POST http://127.0.0.1:49426/session {"capabilities": {"firstMatch": [{}], "alwaysMatch": {"browserName": "chrome", "platformName": "any", "goog:chromeOptions": {"extensions": [], "args": []}}}, "desiredCapabilities": {"browserName": "chrome", "version": "", "platform": "ANY", "goog:chromeOptions": {"extensions": [], "args": []}}}
12-26 16:32 urllib3.connectionpool DEBUG    Starting new HTTP connection (1): 127.0.0.1:49426
12-26 16:32 urllib3.connectionpool DEBUG    http://127.0.0.1:49426 "POST /session HTTP/1.1" 200 717
12-26 16:32 selenium.webdriver.remote.remote_connection DEBUG    Finished Request
12-26 16:32 parse        DEBUG    format 'User Launches Chrome browser' -> 'User Launches Chrome browser'
12-26 16:32 parse        DEBUG    format 'User opens URL "https://dyn.stg.contido.io/login"' -> 'User opens URL "https://dyn\\.stg\\.contido\\.io/login"'
12-26 16:32 parse        DEBUG    format 'User enters Email as "opsuser@desynova.com" and Password as "dyn@opsuser20"' -> 'User enters Email as "opsuser@desynova\\.com" and Password as "dyn@opsuser20"'
12-26 16:32 parse        DEBUG    format 'user clicks on login' -> 'user clicks on login'
12-26 16:32 parse        DEBUG    format 'User should be able to login to application' -> 'User should be able to login to application'
12-26 16:32 parse        DEBUG    format 'User should be on Homepage of the application.' -> 'User should be on Homepage of the application\\.'
12-26 16:32 parse        DEBUG    format 'Logout the application' -> 'Logout the application'
12-26 16:32 parse        DEBUG    format 'close browser' -> 'close browser'
12-26 16:32 scontido_add_show.py INFO     Connection created successfully
12-26 16:32 scontido_add_show.py INFO     username entered
12-26 16:32 scontido_add_show.py INFO     password entered
12-26 16:59 selenium.webdriver.remote.remote_connection DEBUG    POST http://127.0.0.1:49698/session {"capabilities": {"firstMatch": [{}], "alwaysMatch": {"browserName": "chrome", "platformName": "any", "goog:chromeOptions": {"extensions": [], "args": []}}}, "desiredCapabilities": {"browserName": "chrome", "version": "", "platform": "ANY", "goog:chromeOptions": {"extensions": [], "args": []}}}
12-26 16:59 urllib3.connectionpool DEBUG    Starting new HTTP connection (1): 127.0.0.1:49698
12-26 16:59 urllib3.connectionpool DEBUG    http://127.0.0.1:49698 "POST /session HTTP/1.1" 200 718
12-26 16:59 selenium.webdriver.remote.remote_connection DEBUG    Finished Request
12-26 16:59 parse        DEBUG    format 'User Launches Chrome browser' -> 'User Launches Chrome browser'
12-26 16:59 parse        DEBUG    format 'User opens URL "https://dyn.stg.contido.io/login"' -> 'User opens URL "https://dyn\\.stg\\.contido\\.io/login"'
12-26 16:59 parse        DEBUG    format 'User enters Email as "opsuser@desynova.com" and Password as "dyn@opsuser20"' -> 'User enters Email as "opsuser@desynova\\.com" and Password as "dyn@opsuser20"'
12-26 16:59 parse        DEBUG    format 'user clicks on login' -> 'user clicks on login'
12-26 16:59 parse        DEBUG    format 'User should be able to login to application' -> 'User should be able to login to application'
12-26 16:59 parse        DEBUG    format 'User should be on Homepage of the application.' -> 'User should be on Homepage of the application\\.'
12-26 16:59 parse        DEBUG    format 'Logout the application' -> 'Logout the application'
12-26 16:59 parse        DEBUG    format 'close browser' -> 'close browser'
12-26 16:59 scontido_add_show.py INFO     Connection created successfully
12-26 16:59 scontido_add_show.py INFO     username entered
12-26 16:59 scontido_add_show.py INFO     password entered
12-26 17:00 selenium.webdriver.remote.remote_connection DEBUG    POST http://127.0.0.1:49761/session {"capabilities": {"firstMatch": [{}], "alwaysMatch": {"browserName": "chrome", "platformName": "any", "goog:chromeOptions": {"extensions": [], "args": []}}}, "desiredCapabilities": {"browserName": "chrome", "version": "", "platform": "ANY", "goog:chromeOptions": {"extensions": [], "args": []}}}
12-26 17:00 urllib3.connectionpool DEBUG    Starting new HTTP connection (1): 127.0.0.1:49761
12-26 17:00 urllib3.connectionpool DEBUG    http://127.0.0.1:49761 "POST /session HTTP/1.1" 200 717
12-26 17:00 selenium.webdriver.remote.remote_connection DEBUG    Finished Request
12-26 17:00 parse        DEBUG    format 'User Launches Chrome browser' -> 'User Launches Chrome browser'
12-26 17:00 parse        DEBUG    format 'User opens URL "https://dyn.stg.contido.io/login"' -> 'User opens URL "https://dyn\\.stg\\.contido\\.io/login"'
12-26 17:00 parse        DEBUG    format 'User enters Email as "opsuser@desynova.com" and Password as "dyn@opsuser20"' -> 'User enters Email as "opsuser@desynova\\.com" and Password as "dyn@opsuser20"'
12-26 17:00 parse        DEBUG    format 'user clicks on login' -> 'user clicks on login'
12-26 17:00 parse        DEBUG    format 'User should be able to login to application' -> 'User should be able to login to application'
12-26 17:00 parse        DEBUG    format 'User should be on Homepage of the application.' -> 'User should be on Homepage of the application\\.'
12-26 17:00 parse        DEBUG    format 'Logout the application' -> 'Logout the application'
12-26 17:00 parse        DEBUG    format 'close browser' -> 'close browser'
12-26 17:00 scontido_add_show.py INFO     Connection created successfully
12-26 17:00 scontido_add_show.py INFO     username entered
12-26 17:00 scontido_add_show.py INFO     password entered
12-26 17:04 selenium.webdriver.remote.remote_connection DEBUG    POST http://127.0.0.1:49834/session {"capabilities": {"firstMatch": [{}], "alwaysMatch": {"browserName": "chrome", "platformName": "any", "goog:chromeOptions": {"extensions": [], "args": []}}}, "desiredCapabilities": {"browserName": "chrome", "version": "", "platform": "ANY", "goog:chromeOptions": {"extensions": [], "args": []}}}
12-26 17:04 urllib3.connectionpool DEBUG    Starting new HTTP connection (1): 127.0.0.1:49834
12-26 17:04 urllib3.connectionpool DEBUG    http://127.0.0.1:49834 "POST /session HTTP/1.1" 200 717
12-26 17:04 selenium.webdriver.remote.remote_connection DEBUG    Finished Request
12-26 17:04 parse        DEBUG    format 'User Launches Chrome browser' -> 'User Launches Chrome browser'
12-26 17:04 parse        DEBUG    format 'User opens URL "https://dyn.stg.contido.io/login"' -> 'User opens URL "https://dyn\\.stg\\.contido\\.io/login"'
12-26 17:04 parse        DEBUG    format 'User enters Email as "opsuser@desynova.com" and Password as "dyn@opsuser20"' -> 'User enters Email as "opsuser@desynova\\.com" and Password as "dyn@opsuser20"'
12-26 17:04 parse        DEBUG    format 'user clicks on login' -> 'user clicks on login'
12-26 17:04 parse        DEBUG    format 'User should be able to login to application' -> 'User should be able to login to application'
12-26 17:04 parse        DEBUG    format 'User should be on Homepage of the application.' -> 'User should be on Homepage of the application\\.'
12-26 17:04 parse        DEBUG    format 'Logout the application' -> 'Logout the application'
12-26 17:04 parse        DEBUG    format 'close browser' -> 'close browser'
12-26 17:04 scontido_add_show.py INFO     Connection created successfully
12-26 17:04 scontido_add_show.py INFO     username entered
12-26 17:04 scontido_add_show.py INFO     password entered
12-26 17:04 scontido_add_show.py INFO     login successfully
